# JRE version: OpenJDK Runtime Environment (21.0.4+7) (build 21.0.4+7-Ubuntu-1ubuntu222.04)
# Java VM: OpenJDK 64-Bit Server VM (21.0.4+7-Ubuntu-1ubuntu222.04, mixed mode, sharing, tiered, compressed oops, compressed class ptrs, g1 gc, linux-amd64)
GC Precious Log:
 CardTable entry size: 512
 Card Set container configuration: InlinePtr #cards 5 size 8 Array Of Cards #cards 12 size 40 Howl #buckets 4 coarsen threshold 1843 Howl Bitmap #cards 512 size 80 coarsen threshold 460 Card regions per heap region 1 cards per card region 2048
 CPUs: 4 total, 4 available
 Memory: 7849M
 Large Page Support: Disabled
 NUMA Support: Disabled
 Compressed Oops: Enabled (32-bit)
 Heap Region Size: 1M
 Heap Min Capacity: 8M
 Heap Initial Capacity: 124M
 Heap Max Capacity: 1964M
 Pre-touch: Disabled
 Parallel Workers: 4
 Concurrent Workers: 1
 Concurrent Refinement Workers: 4
 Periodic GC: Disabled
Heap:
 garbage-first heap   total 91136K, used 74881K [0x0000000085400000, 0x0000000100000000)
  region size 1024K, 47 young (48128K), 5 survivors (5120K)
 Metaspace       used 80235K, committed 81024K, reserved 1179648K
  class space    used 10764K, committed 11136K, reserved 1048576K
GC Heap History (20 events):
Event: 10,921 GC heap before
{Heap before GC invocations=12 (full 0):
 garbage-first heap   total 71680K, used 59568K [0x0000000085400000, 0x0000000100000000)
  region size 1024K, 42 young (43008K), 4 survivors (4096K)
 Metaspace       used 39279K, committed 39808K, reserved 1114112K
  class space    used 4996K, committed 5248K, reserved 1048576K
}
Event: 10,939 GC heap after
{Heap after GC invocations=13 (full 0):
 garbage-first heap   total 71680K, used 21228K [0x0000000085400000, 0x0000000100000000)
  region size 1024K, 4 young (4096K), 4 survivors (4096K)
 Metaspace       used 39279K, committed 39808K, reserved 1114112K
  class space    used 4996K, committed 5248K, reserved 1048576K
}
Event: 12,421 GC heap before
{Heap before GC invocations=13 (full 0):
 garbage-first heap   total 71680K, used 60140K [0x0000000085400000, 0x0000000100000000)
  region size 1024K, 42 young (43008K), 4 survivors (4096K)
 Metaspace       used 42980K, committed 43520K, reserved 1114112K
  class space    used 5521K, committed 5760K, reserved 1048576K
}
Event: 12,435 GC heap after
{Heap after GC invocations=14 (full 0):
 garbage-first heap   total 71680K, used 22793K [0x0000000085400000, 0x0000000100000000)
  region size 1024K, 4 young (4096K), 4 survivors (4096K)
 Metaspace       used 42980K, committed 43520K, reserved 1114112K
  class space    used 5521K, committed 5760K, reserved 1048576K
}
Event: 15,041 GC heap before
{Heap before GC invocations=14 (full 0):
 garbage-first heap   total 71680K, used 61705K [0x0000000085400000, 0x0000000100000000)
  region size 1024K, 42 young (43008K), 4 survivors (4096K)
 Metaspace       used 49986K, committed 50496K, reserved 1114112K
  class space    used 6382K, committed 6592K, reserved 1048576K
}
Event: 15,067 GC heap after
{Heap after GC invocations=15 (full 0):
 garbage-first heap   total 71680K, used 24190K [0x0000000085400000, 0x0000000100000000)
  region size 1024K, 5 young (5120K), 5 survivors (5120K)
 Metaspace       used 49986K, committed 50496K, reserved 1114112K
  class space    used 6382K, committed 6592K, reserved 1048576K
}
Event: 16,153 GC heap before
{Heap before GC invocations=15 (full 0):
 garbage-first heap   total 71680K, used 62078K [0x0000000085400000, 0x0000000100000000)
  region size 1024K, 42 young (43008K), 5 survivors (5120K)
 Metaspace       used 53537K, committed 54080K, reserved 1114112K
  class space    used 6823K, committed 7040K, reserved 1048576K
}
Event: 16,182 GC heap after
{Heap after GC invocations=16 (full 0):
 garbage-first heap   total 71680K, used 26157K [0x0000000085400000, 0x0000000100000000)
  region size 1024K, 6 young (6144K), 6 survivors (6144K)
 Metaspace       used 53537K, committed 54080K, reserved 1114112K
  class space    used 6823K, committed 7040K, reserved 1048576K
}
Event: 17,307 GC heap before
{Heap before GC invocations=16 (full 0):
 garbage-first heap   total 71680K, used 58925K [0x0000000085400000, 0x0000000100000000)
  region size 1024K, 39 young (39936K), 6 survivors (6144K)
 Metaspace       used 57379K, committed 57920K, reserved 1114112K
  class space    used 7376K, committed 7616K, reserved 1048576K
}
Event: 17,327 GC heap after
{Heap after GC invocations=17 (full 0):
 garbage-first heap   total 91136K, used 26105K [0x0000000085400000, 0x0000000100000000)
  region size 1024K, 3 young (3072K), 3 survivors (3072K)
 Metaspace       used 57379K, committed 57920K, reserved 1114112K
  class space    used 7376K, committed 7616K, reserved 1048576K
}
Event: 18,409 GC heap before
{Heap before GC invocations=17 (full 0):
 garbage-first heap   total 91136K, used 48633K [0x0000000085400000, 0x0000000100000000)
  region size 1024K, 27 young (27648K), 3 survivors (3072K)
 Metaspace       used 60309K, committed 60864K, reserved 1114112K
  class space    used 7853K, committed 8064K, reserved 1048576K
}
Event: 18,434 GC heap after
{Heap after GC invocations=18 (full 0):
 garbage-first heap   total 91136K, used 26006K [0x0000000085400000, 0x0000000100000000)
  region size 1024K, 3 young (3072K), 3 survivors (3072K)
 Metaspace       used 60309K, committed 60864K, reserved 1114112K
  class space    used 7853K, committed 8064K, reserved 1048576K
}
Event: 20,180 GC heap before
{Heap before GC invocations=19 (full 0):
 garbage-first heap   total 91136K, used 76182K [0x0000000085400000, 0x0000000100000000)
  region size 1024K, 53 young (54272K), 3 survivors (3072K)
 Metaspace       used 64565K, committed 65216K, reserved 1114112K
  class space    used 8538K, committed 8832K, reserved 1048576K
}
Event: 20,189 GC heap after
{Heap after GC invocations=20 (full 0):
 garbage-first heap   total 91136K, used 27229K [0x0000000085400000, 0x0000000100000000)
  region size 1024K, 4 young (4096K), 4 survivors (4096K)
 Metaspace       used 64565K, committed 65216K, reserved 1114112K
  class space    used 8538K, committed 8832K, reserved 1048576K
}
Event: 21,742 GC heap before
{Heap before GC invocations=20 (full 0):
 garbage-first heap   total 91136K, used 77405K [0x0000000085400000, 0x0000000100000000)
  region size 1024K, 53 young (54272K), 4 survivors (4096K)
 Metaspace       used 69392K, committed 70080K, reserved 1114112K
  class space    used 9144K, committed 9472K, reserved 1048576K
}
Event: 21,755 GC heap after
{Heap after GC invocations=21 (full 0):
 garbage-first heap   total 91136K, used 29249K [0x0000000085400000, 0x0000000100000000)
  region size 1024K, 6 young (6144K), 6 survivors (6144K)
 Metaspace       used 69392K, committed 70080K, reserved 1114112K
  class space    used 9144K, committed 9472K, reserved 1048576K
}
Event: 22,734 GC heap before
{Heap before GC invocations=21 (full 0):
 garbage-first heap   total 91136K, used 76353K [0x0000000085400000, 0x0000000100000000)
  region size 1024K, 53 young (54272K), 6 survivors (6144K)
 Metaspace       used 73059K, committed 73728K, reserved 1114112K
  class space    used 9866K, committed 10176K, reserved 1048576K
}
Event: 22,763 GC heap after
{Heap after GC invocations=22 (full 0):
 garbage-first heap   total 91136K, used 31589K [0x0000000085400000, 0x0000000100000000)
  region size 1024K, 6 young (6144K), 6 survivors (6144K)
 Metaspace       used 73059K, committed 73728K, reserved 1114112K
  class space    used 9866K, committed 10176K, reserved 1048576K
}
Event: 24,223 GC heap before
{Heap before GC invocations=22 (full 0):
 garbage-first heap   total 91136K, used 78693K [0x0000000085400000, 0x0000000100000000)
  region size 1024K, 53 young (54272K), 6 survivors (6144K)
 Metaspace       used 76795K, committed 77440K, reserved 1179648K
  class space    used 10317K, committed 10624K, reserved 1048576K
}
Event: 24,243 GC heap after
{Heap after GC invocations=23 (full 0):
 garbage-first heap   total 91136K, used 33921K [0x0000000085400000, 0x0000000100000000)
  region size 1024K, 5 young (5120K), 5 survivors (5120K)
 Metaspace       used 76795K, committed 77440K, reserved 1179648K
  class space    used 10317K, committed 10624K, reserved 1048576K
}

